[urbanchic.su/index.html]
[backblue.gif]
[fade.gif]
[index.html]
[static.tildacdn.com/tild6238-6637-4231-b433-666639613666/download.jpg]
[static.tildacdn.com/tild3135-3533-4636-b661-363632616430/Group_8.png]
[neo.tildacdn.com/js/tilda-fallback-1.0.min.js]
[static.tildacdn.com/css/tilda-grid-3.0.min.css]
[static.tildacdn.com/ws/project9175211/tilda-blocks-page46846381.min0a2a.css]
[static.tildacdn.com/css/tilda-animation-2.0.min.css]
[static.tildacdn.com/css/highlight.min.css]
[static.tildacdn.com/css/tilda-popup-1.1.min.css]
[static.tildacdn.com/css/tilda-forms-1.0.min.css]
[static.tildacdn.com/js/tilda-polyfill-1.0.min.js]
[static.tildacdn.com/js/jquery-1.10.2.min.js]
[static.tildacdn.com/js/tilda-scripts-3.0.min.js]
[static.tildacdn.com/ws/project9175211/tilda-blocks-page46846381.min0a2a.js]
[static.tildacdn.com/js/tilda-animation-2.0.min.js]
[static.tildacdn.com/js/highlight.min.js]
[static.tildacdn.com/js/tilda-zero-1.1.min.js]
[static.tildacdn.com/js/tilda-popup-1.0.min.js]
[static.tildacdn.com/js/tilda-forms-1.0.min.js]
[static.tildacdn.com/js/tilda-animation-ext-1.0.min.js]
[static.tildacdn.com/js/tilda-animation-sbs-1.0.min.js]
[static.tildacdn.com/js/tilda-zero-scale-1.0.min.js]
[static.tildacdn.com/js/tilda-events-1.0.min.js]
[static.tildacdn.com/tild3361-3534-4135-b661-613434616435/Group_21.jpg]
[static.tildacdn.com/tild6532-3266-4534-b334-383562313464/Group_21.jpg]
[static.tildacdn.com/tild3366-3863-4030-a366-363363633731/max1232617_a_modern_.jpg]
[static.tildacdn.com/tild3136-6332-4630-b130-303932333064/max1232617_Modern_in.jpg]
[static.tildacdn.com/tild3861-6631-4638-a330-303365306638/max1232617_Modern_in.jpg]
[static.tildacdn.com/tild3536-6461-4464-b538-613264666236/max1232617_A_modern_.jpg]
[static.tildacdn.com/tild6234-3661-4331-b965-646432633064/max1232617_a_modern_.jpg]
[static.tildacdn.com/tild6266-3833-4565-b962-373732313461/max1232617_a_modern_.jpg]
[static.tildacdn.com/tild3930-6464-4436-b165-313738666132/max1232617_a_modern_.jpg]
[static.tildacdn.com/tild3633-3933-4562-b036-336436336232/max1232617_a_modern_.jpg]
[static.tildacdn.com/tild6534-3336-4938-a261-323364333365/max1232617_a_modern_.jpg]
[static.tildacdn.com/tild6435-6435-4537-a636-333766653565/max1232617_modern_ma.png]
[static.tildacdn.com/tild3239-3166-4638-a633-313531396163/max1232617_a_modern_.jpg]
[static.tildacdn.com/tild6136-6131-4538-b663-363963326436/max1232617_A_modern_.png]
[static.tildacdn.com/tild3663-3462-4534-b436-626436363535/max1232617_A_modern_.jpg]
[static.tildacdn.com/tild3839-6539-4537-b962-333138326664/max1232617_Modern_be.jpg]
[static.tildacdn.com/tild6635-3562-4031-b334-326366353763/max1232617_Modern_be.jpg]
[static.tildacdn.com/tild3136-6136-4030-b266-353465343730/max1232617_Modern_be.jpg]
[cdnjs.cloudflare.com/ajax/libs/gsap/3.5.1/gsap.min.js]
[static.tildacdn.com/tild3239-3539-4735-a438-373131316465/Group_20.jpg]
[static.tildacdn.com/tild6634-6432-4034-b064-616365303466/max1232617_modern_be.jpg]
[static.tildacdn.com/tild3164-3261-4965-a535-353161333539/Rectangle_4.jpg]
[static.tildacdn.com/tild3861-6432-4665-b036-666537616232/max1232617_interior_.jpg]
[static.tildacdn.com/tild3637-6631-4331-a635-326133323535/max1232617_A_bright_.jpg]
[static.tildacdn.com/tild6565-6365-4230-b638-373738666463/max1232617_A_bright_.jpg]
[static.tildacdn.com/tild3035-3963-4836-a262-636163316139/Rectangle_5_1.jpg]
[static.tildacdn.com/tild3835-6331-4062-a135-383366346135/max1232617_a_modern_.jpg]
[static.tildacdn.com/tild3562-3261-4835-a235-343763313264/max1232617_A_bright_.jpg]
[static.tildacdn.com/tild6434-3731-4630-b064-353339623833/max1232617_A_minimal.jpg]
[static.tildacdn.com/tild6463-6338-4132-b364-356165343962/max1232617_A_bright_.jpg]
[static.tildacdn.com/tild3537-6436-4634-a434-666430303839/max1232617_A_minimal.jpg]
[static.tildacdn.com/tild3032-3433-4631-a134-663734666464/1.jpg]
[static.tildacdn.com/tild3136-3666-4535-a139-346631306262/2.jpg]
[static.tildacdn.com/tild6139-6333-4037-b038-653632666135/max1232617_A_profess.jpg]
[static.tildacdn.com/tild3933-3165-4166-a434-366162633939/max1232617_living_ro.jpg]
[static.tildacdn.com/tild6663-3763-4465-a134-313338666336/max1232617_Modern_ki.jpg]
[static.tildacdn.com/tild3934-3864-4437-b936-363464303934/max1232617_Modern_ki.jpg]
[static.tildacdn.com/tild6564-3039-4232-a262-376162333066/max1232617_bedroom_i.jpg]
[static.tildacdn.com/tild6235-3861-4030-a233-616263646232/max1232617_Modern_ki.jpg]
[static.tildacdn.com/tild3363-3766-4537-b666-396330396632/max1232617_living_ro.jpg]
[static.tildacdn.com/tild3662-3664-4335-b032-326530646134/max1232617_a_modern_.jpg]
[static.tildacdn.com/tild3531-3262-4135-b232-303061623339/max1232617_bedroom_i.jpg]
[static.tildacdn.com/tild3435-6235-4335-b463-616336623633/max1232617_bedroom_i.jpg]
[static.tildacdn.com/tild3533-3262-4063-b436-343363303262/max1232617_Modern_ki.jpg]
[static.tildacdn.com/tild3831-3734-4564-b236-663961376661/max1232617_living_ro.jpg]
[static.tildacdn.com/tild3933-3239-4965-b861-346232653535/max1232617_Modern_ki.jpg]
[static.tildacdn.com/tild6166-3537-4439-a437-393065623165/max1232617_bedroom_i.jpg]
[static.tildacdn.com/tild6361-3333-4433-a437-346431336639/max1232617_Modern_ki.jpg]
[static.tildacdn.com/tild3561-6464-4964-a331-666432643635/max1232617_Modern_ki.jpg]
[static.tildacdn.com/tild3430-6366-4035-b638-313365323638/max1232617_a_modern_.jpg]
[static.tildacdn.com/tild3539-3235-4362-b462-366234363331/max1232617_a_modern_.jpg]
[static.tildacdn.com/tild3436-3633-4665-b836-336563363763/max1232617_a_modern_.jpg]
[cdnjs.cloudflare.com/ajax/libs/gsap/3.7.0/gsap.min.js]
[static.tildacdn.com/tild6531-6133-4739-b461-303439303431/Group_1.png]
[cdnjs.cloudflare.com/ajax/libs/smoothscroll/1.4.10/SmoothScroll.js]
[urbanchic.su/index.html]
[static.tildacdn.com/css/tilda-grid-3.0.min.css]
[static.tildacdn.com/ws/project9175211/tilda-blocks-page46846381.min0a2a.css]
[static.tildacdn.com/css/tilda-animation-2.0.min.css]
[static.tildacdn.com/css/highlight.min.css]
[static.tildacdn.com/css/tilda-popup-1.1.min.css]
[static.tildacdn.com/css/tilda-forms-1.0.min.css]
[urbanchic.su/custom0a2a.css]
[urbanchic.su/OPR/index.html]
[urbanchic.su/file/d/index.html]
[static.tildacdn.com/js/tilda-stat-1.0.min.js]
